2026-06-13 20:49:30,432 - root - INFO - 员工张三进入休眠状态，等待新任务...
2026-06-13 20:49:30,432 - root - INFO - 员工张三已启动持续工作状态
2026-06-13 20:49:30,432 - root - INFO - 员工李四进入休眠状态，等待新任务...
2026-06-13 20:49:30,432 - root - INFO - 员工李四已启动持续工作状态
2026-06-13 20:49:31,433 - root - INFO - 员工张三添加任务: T001
2026-06-13 20:49:31,433 - root - INFO - 员工张三已被唤醒
2026-06-13 20:49:31,433 - root - INFO - 员工张三从休眠中醒来
2026-06-13 20:49:33,434 - root - INFO - 员工张三检测到待办任务，开始工作
2026-06-13 20:49:33,435 - root - INFO - 员工张三完成任务排期，共1个任务
2026-06-13 20:49:33,435 - root - INFO - 员工张三开始思考任务: T001
2026-06-13 20:49:33,435 - root - INFO - 任务内容: 开发用户登录模块
2026-06-13 20:49:33,435 - root - INFO - 执行角色: DEV
2026-06-13 20:49:33,435 - root - INFO - 资源消耗: 0.5小时
2026-06-13 20:49:33,435 - root - INFO - 优先级: Priority.HIGH
2026-06-13 20:49:33,435 - root - INFO - 输出目标角色: TEST
2026-06-13 20:49:33,436 - root - INFO - 员工张三思考完成，准备执行任务
2026-06-13 20:49:33,436 - root - INFO - 员工张三开始执行任务: T001
2026-06-13 20:49:34,434 - root - INFO - 员工张三添加任务: T003
2026-06-13 20:49:38,436 - root - INFO - 员工张三完成任务: T001
2026-06-13 20:49:38,436 - root - INFO - 任务执行信息:
{
  "task_id": "T001",
  "expected_start_time": "2026-06-13T20:49:31.433327",
  "expected_end_time": "2026-06-14T00:49:31.433327",
  "scheduled_start_time": "2026-06-13T09:00:00",
  "scheduled_end_time": "2026-06-13T09:30:00",
  "actual_start_time": "2026-06-13T20:49:33.436171",
  "actual_end_time": "2026-06-13T20:49:38.436436",
  "content": "开发用户登录模块",
  "execute_role": "DEV",
  "resource_consumption": 0.5,
  "priority": "high",
  "output_target_role": "TEST",
  "next_task_info": {
    "task_id": "T002",
    "expected_start_time": "2026-06-13T20:49:31.433327",
    "expected_end_time": "2026-06-13T22:49:31.433327",
    "content": "测试用户登录模块",
    "execute_role": "TEST",
    "resource_consumption": 0.5,
    "priority": "high",
    "output_target_role": "QA"
  },
  "is_completed": true
}
2026-06-13 20:49:38,437 - root - INFO - 员工李四添加任务: T002
2026-06-13 20:49:38,437 - root - INFO - 员工李四已被唤醒
2026-06-13 20:49:38,437 - root - INFO - 员工李四从休眠中醒来
2026-06-13 20:49:38,437 - root - INFO - 员工张三已将后续任务传递给李四
2026-06-13 20:49:38,437 - root - INFO - 员工张三开始思考任务: T003
2026-06-13 20:49:38,437 - root - INFO - 任务内容: 开发数据报表模块
2026-06-13 20:49:38,437 - root - INFO - 执行角色: DEV
2026-06-13 20:49:38,437 - root - INFO - 资源消耗: 0.5小时
2026-06-13 20:49:38,438 - root - INFO - 优先级: Priority.MEDIUM
2026-06-13 20:49:38,438 - root - INFO - 输出目标角色: TEST
2026-06-13 20:49:38,438 - root - INFO - 员工张三思考完成，准备执行任务
2026-06-13 20:49:38,438 - root - INFO - 员工张三开始执行任务: T003
2026-06-13 20:49:40,437 - root - INFO - 员工李四检测到待办任务，开始工作
2026-06-13 20:49:40,438 - root - INFO - 员工李四完成任务排期，共1个任务
2026-06-13 20:49:40,438 - root - INFO - 员工李四开始思考任务: T002
2026-06-13 20:49:40,438 - root - INFO - 任务内容: 测试用户登录模块
2026-06-13 20:49:40,438 - root - INFO - 执行角色: TEST
2026-06-13 20:49:40,438 - root - INFO - 资源消耗: 0.5小时
2026-06-13 20:49:40,439 - root - INFO - 优先级: Priority.HIGH
2026-06-13 20:49:40,439 - root - INFO - 输出目标角色: QA
2026-06-13 20:49:40,439 - root - INFO - 员工李四思考完成，准备执行任务
2026-06-13 20:49:40,439 - root - INFO - 员工李四开始执行任务: T002
2026-06-13 20:49:42,446 - root - INFO - 员工张三已停止工作
2026-06-13 20:49:43,439 - root - INFO - 员工张三完成任务: T003
2026-06-13 20:49:43,439 - root - INFO - 任务执行信息:
{
  "task_id": "T003",
  "expected_start_time": "2026-06-13T20:49:31.433327",
  "expected_end_time": "2026-06-14T02:49:31.433327",
  "scheduled_start_time": null,
  "scheduled_end_time": null,
  "actual_start_time": "2026-06-13T20:49:38.438415",
  "actual_end_time": "2026-06-13T20:49:43.438961",
  "content": "开发数据报表模块",
  "execute_role": "DEV",
  "resource_consumption": 0.5,
  "priority": "medium",
  "output_target_role": "TEST",
  "next_task_info": null,
  "is_completed": true
}
2026-06-13 20:49:43,439 - root - INFO - 员工张三本轮工作完成
2026-06-13 20:49:45,439 - root - INFO - 员工李四完成任务: T002
2026-06-13 20:49:45,440 - root - INFO - 任务执行信息:
{
  "task_id": "T002",
  "expected_start_time": "2026-06-13T20:49:31.433327",
  "expected_end_time": "2026-06-13T22:49:31.433327",
  "scheduled_start_time": "2026-06-13T09:00:00",
  "scheduled_end_time": "2026-06-13T09:30:00",
  "actual_start_time": "2026-06-13T20:49:40.439426",
  "actual_end_time": "2026-06-13T20:49:45.439760",
  "content": "测试用户登录模块",
  "execute_role": "TEST",
  "resource_consumption": 0.5,
  "priority": "high",
  "output_target_role": "QA",
  "next_task_info": null,
  "is_completed": true
}
2026-06-13 20:49:45,440 - root - INFO - 员工李四本轮工作完成
2026-06-13 20:49:47,441 - root - INFO - 员工李四已停止工作
